Using pre-set license
Built from '2021.1/staging' branch; Version is '2021.1.15f1 (e767a7370072) revision 15165351'; Using compiler version '192528614'; Build Type 'Release'
OS: 'Windows 10 Pro; OS build 19043.1165; Version 2009; 64bit' Language: 'es' Physical Memory: 8127 MB
BatchMode: 1, IsHumanControllingUs: 0, StartBugReporterOnCrash: 0, Is64bit: 1, IsPro: 0

 COMMAND LINE ARGUMENTS:
C:\Program Files\Unity\Hub\Editor\2021.1.15f1\Editor\Unity.exe
-adb2
-batchMode
-noUpm
-name
AssetImportWorker0
-projectPath
C:/Users/Usuario/Desktop/parcialalien1corte
-logFile
Logs/AssetImportWorker0.log
-srvPort
56440
Successfully changed project path to: C:/Users/Usuario/Desktop/parcialalien1corte
C:/Users/Usuario/Desktop/parcialalien1corte
Using Asset Import Pipeline V2.
Refreshing native plugins compatible for Editor in 88.64 ms, found 3 plugins.
Preloading 0 native plugins for Editor in 0.00 ms.
Initialize engine version: 2021.1.15f1 (e767a7370072)
[Subsystems] Discovering subsystems at path C:/Program Files/Unity/Hub/Editor/2021.1.15f1/Editor/Data/Resources/UnitySubsystems
[Subsystems] Discovering subsystems at path C:/Users/Usuario/Desktop/parcialalien1corte/Assets
GfxDevice: creating device client; threaded=0; jobified=0
Direct3D:
    Version:  Direct3D 11.0 [level 11.1]
    Renderer: NVIDIA GeForce GTX 1060 3GB (ID=0x1c02)
    Vendor:   NVIDIA
    VRAM:     2988 MB
    Driver:   27.21.14.6663
Initialize mono
Mono path[0] = 'C:/Program Files/Unity/Hub/Editor/2021.1.15f1/Editor/Data/Managed'
Mono path[1] = 'C:/Program Files/Unity/Hub/Editor/2021.1.15f1/Editor/Data/MonoBleedingEdge/lib/mono/unityjit'
Mono config path = 'C:/Program Files/Unity/Hub/Editor/2021.1.15f1/Editor/Data/MonoBleedingEdge/etc'
Using monoOptions --debugger-agent=transport=dt_socket,embedding=1,server=y,suspend=n,address=127.0.0.1:56588
Begin MonoManager ReloadAssembly
Registering precompiled unity dll's ...
Register platform support module: C:/Program Files/Unity/Hub/Editor/2021.1.15f1/Editor/Data/PlaybackEngines/WebGLSupport/UnityEditor.WebGL.Extensions.dll
Register platform support module: C:/Program Files/Unity/Hub/Editor/2021.1.15f1/Editor/Data/PlaybackEngines/WindowsStandaloneSupport/UnityEditor.WindowsStandalone.Extensions.dll
Registered in 0.002263 seconds.
Native extension for WindowsStandalone target not found
Native extension for WebGL target not found
Refreshing native plugins compatible for Editor in 114.39 ms, found 3 plugins.
Preloading 0 native plugins for Editor in 0.00 ms.
Mono: successfully reloaded assembly
- Completed reload, in  1.436 seconds
Domain Reload Profiling:
	ReloadAssembly (1436ms)
		BeginReloadAssembly (54ms)
			ExecutionOrderSort (0ms)
			DisableScriptedObjects (0ms)
			BackupInstance (0ms)
			ReleaseScriptingObjects (0ms)
			CreateAndSetChildDomain (1ms)
		EndReloadAssembly (539ms)
			LoadAssemblies (53ms)
			RebuildTransferFunctionScriptingTraits (0ms)
			SetupTypeCache (182ms)
			ReleaseScriptCaches (0ms)
			RebuildScriptCaches (32ms)
			SetupLoadedEditorAssemblies (276ms)
				LogAssemblyErrors (0ms)
				InitializePlatformSupportModulesInManaged (7ms)
				SetLoadedEditorAssemblies (0ms)
				RefreshPlugins (114ms)
				BeforeProcessingInitializeOnLoad (1ms)
				ProcessInitializeOnLoadAttributes (120ms)
				ProcessInitializeOnLoadMethodAttributes (33ms)
				AfterProcessingInitializeOnLoad (0ms)
				EditorAssembliesLoaded (0ms)
			ExecutionOrderSort2 (0ms)
			AwakeInstancesAfterBackupRestoration (0ms)
Platform modules already initialized, skipping
Registering precompiled user dll's ...
Registered in 0.005881 seconds.
Begin MonoManager ReloadAssembly
Symbol file LoadedFromMemory doesn't match image C:\Users\Usuario\Desktop\parcialalien1corte\Library\PackageCache\com.unity.visualscripting@1.6.1\Editor\VisualScripting.Core\Dependencies\YamlDotNet\Unity.VisualScripting.YamlDotNet.dll
Symbol file LoadedFromMemory doesn't match image C:\Users\Usuario\Desktop\parcialalien1corte\Library\PackageCache\com.unity.visualscripting@1.6.1\Editor\VisualScripting.Core\Dependencies\DotNetZip\Unity.VisualScripting.IonicZip.dll
Native extension for WindowsStandalone target not found
Native extension for WebGL target not found
Refreshing native plugins compatible for Editor in 0.63 ms, found 3 plugins.
Preloading 0 native plugins for Editor in 0.00 ms.
Mono: successfully reloaded assembly
- Completed reload, in  1.168 seconds
Domain Reload Profiling:
	ReloadAssembly (1169ms)
		BeginReloadAssembly (158ms)
			ExecutionOrderSort (0ms)
			DisableScriptedObjects (5ms)
			BackupInstance (0ms)
			ReleaseScriptingObjects (0ms)
			CreateAndSetChildDomain (26ms)
		EndReloadAssembly (944ms)
			LoadAssemblies (92ms)
			RebuildTransferFunctionScriptingTraits (0ms)
			SetupTypeCache (348ms)
			ReleaseScriptCaches (0ms)
			RebuildScriptCaches (47ms)
			SetupLoadedEditorAssemblies (358ms)
				LogAssemblyErrors (0ms)
				InitializePlatformSupportModulesInManaged (6ms)
				SetLoadedEditorAssemblies (0ms)
				RefreshPlugins (1ms)
				BeforeProcessingInitializeOnLoad (89ms)
				ProcessInitializeOnLoadAttributes (250ms)
				ProcessInitializeOnLoadMethodAttributes (5ms)
				AfterProcessingInitializeOnLoad (6ms)
				EditorAssembliesLoaded (0ms)
			ExecutionOrderSort2 (0ms)
			AwakeInstancesAfterBackupRestoration (7ms)
Platform modules already initialized, skipping
========================================================================
Worker process is ready to serve import requests
Launched and connected shader compiler UnityShaderCompiler.exe after 0.05 seconds
Refreshing native plugins compatible for Editor in 0.73 ms, found 3 plugins.
Preloading 0 native plugins for Editor in 0.00 ms.
Unloading 2960 Unused Serialized files (Serialized files now loaded: 0)
System memory in use before: 107.9 MB.
System memory in use after: 108.0 MB.

Unloading 23 unused Assets to reduce memory usage. Loaded Objects now: 3404.
Total: 2.375600 ms (FindLiveObjects: 0.220700 ms CreateObjectMapping: 0.113300 ms MarkObjects: 1.970000 ms  DeleteObjects: 0.070800 ms)

AssetImportParameters requested are different than current active one (requested -> active):
  custom:framework-win-MediaFoundation: 216162199b28c13a410421893ffa2e32 -> 
  custom:video-decoder-ogg-theora: a1e56fd34408186e4bbccfd4996cb3dc -> 
  custom:container-muxer-webm: aa71ff27fc2769a1b78a27578f13a17b -> 
  custom:container-demuxer-webm: 4f35f7cbe854078d1ac9338744f61a02 -> 
  custom:container-demuxer-ogg: 62fdf1f143b41e24485cea50d1cbac27 -> 
  custom:video-encoder-webm-vp8: eb34c28f22e8b96e1ab97ce403110664 -> 
  custom:video-decoder-webm-vp8: 9c59270c3fd7afecdb556c50c9e8de78 -> 
  custom:audio-decoder-ogg-vorbis: bf7c407c2cedff20999df2af8eb42d56 -> 
  custom:audio-encoder-webm-vorbis: bf7c407c2cedff20999df2af8eb42d56 -> 
========================================================================
Received Import Request.
  path: Assets/pelota.physicsMaterial2D
  artifactKey: Guid(521bc5bde7b0d4a78ae1b45ac5938cd3) Importer(815301076,1909f56bfc062723c751e8b465ee728b)
Start importing Assets/pelota.physicsMaterial2D using Guid(521bc5bde7b0d4a78ae1b45ac5938cd3) Importer(815301076,1909f56bfc062723c751e8b465ee728b)  -> (artifact id: '680e38b6d4d82a88078d5e9164b89260') in 0.049476 seconds 
========================================================================
Received Import Request.
  Time since last request: 10.490217 seconds.
  path: Assets/Imagenes/chicken.png
  artifactKey: Guid(a71464e2a2e2f41018c6520c73695f6a) Importer(815301076,1909f56bfc062723c751e8b465ee728b)
Start importing Assets/Imagenes/chicken.png using Guid(a71464e2a2e2f41018c6520c73695f6a) Importer(815301076,1909f56bfc062723c751e8b465ee728b)  -> (artifact id: '4ab9ad62219d4ef548c26d65dd9538e3') in 0.129795 seconds 
========================================================================
Received Import Request.
  Time since last request: 0.000231 seconds.
  path: Assets/Imagenes/platformPack_tile011.png
  artifactKey: Guid(5003b1dc28a9946f3bb725027948f6e0) Importer(815301076,1909f56bfc062723c751e8b465ee728b)
Start importing Assets/Imagenes/platformPack_tile011.png using Guid(5003b1dc28a9946f3bb725027948f6e0) Importer(815301076,1909f56bfc062723c751e8b465ee728b)  -> (artifact id: 'e58350f2354e446f126c5afac514d8a5') in 0.015279 seconds 
========================================================================
Received Import Request.
  Time since last request: 0.000356 seconds.
  path: Assets/Imagenes/foliagePack_014.png
  artifactKey: Guid(078d91bc3632c4e208d956fa3f681cf3) Importer(815301076,1909f56bfc062723c751e8b465ee728b)
Start importing Assets/Imagenes/foliagePack_014.png using Guid(078d91bc3632c4e208d956fa3f681cf3) Importer(815301076,1909f56bfc062723c751e8b465ee728b)  -> (artifact id: '8cceb5f19b5a1f49e0843bcee54fb26d') in 0.021920 seconds 
========================================================================
Received Import Request.
  Time since last request: 0.000279 seconds.
  path: Assets/Imagenes/platformPack_tile012.png
  artifactKey: Guid(b128f72ea277648efbcafd01341a67c1) Importer(815301076,1909f56bfc062723c751e8b465ee728b)
Start importing Assets/Imagenes/platformPack_tile012.png using Guid(b128f72ea277648efbcafd01341a67c1) Importer(815301076,1909f56bfc062723c751e8b465ee728b)  -> (artifact id: '47b68b0fdf59756803a1fc6e1ac602d1') in 0.018164 seconds 
========================================================================
Received Import Request.
  Time since last request: 0.000215 seconds.
  path: Assets/Imagenes/foliagePack_002.png
  artifactKey: Guid(07bf8777a6aa2401a9a68c27f9cc9bde) Importer(815301076,1909f56bfc062723c751e8b465ee728b)
Start importing Assets/Imagenes/foliagePack_002.png using Guid(07bf8777a6aa2401a9a68c27f9cc9bde) Importer(815301076,1909f56bfc062723c751e8b465ee728b)  -> (artifact id: 'a03f76d4a23c25500201e45d44366a1a') in 0.020247 seconds 
========================================================================
Received Import Request.
  Time since last request: 0.000333 seconds.
  path: Assets/Imagenes/foliagePack_058.png
  artifactKey: Guid(33bc2258f12b24d3aa1d6f3fe46c4d7d) Importer(815301076,1909f56bfc062723c751e8b465ee728b)
Start importing Assets/Imagenes/foliagePack_058.png using Guid(33bc2258f12b24d3aa1d6f3fe46c4d7d) Importer(815301076,1909f56bfc062723c751e8b465ee728b)  -> (artifact id: 'b84ea26a5e97cdb864e1253ef4625dff') in 0.017798 seconds 
========================================================================
Received Import Request.
  Time since last request: 0.000169 seconds.
  path: Assets/Imagenes/dog.png
  artifactKey: Guid(26fab33ad0bfe4048a09f31bfab1eafc) Importer(815301076,1909f56bfc062723c751e8b465ee728b)
Start importing Assets/Imagenes/dog.png using Guid(26fab33ad0bfe4048a09f31bfab1eafc) Importer(815301076,1909f56bfc062723c751e8b465ee728b)  -> (artifact id: 'd38bc0f32711cc4c2eaca303dc38c0bd') in 0.016265 seconds 
========================================================================
Received Import Request.
  Time since last request: 0.000232 seconds.
  path: Assets/Imagenes/foliagePack_030.png
  artifactKey: Guid(e9168378603814aa99362aa76e6bd334) Importer(815301076,1909f56bfc062723c751e8b465ee728b)
Start importing Assets/Imagenes/foliagePack_030.png using Guid(e9168378603814aa99362aa76e6bd334) Importer(815301076,1909f56bfc062723c751e8b465ee728b)  -> (artifact id: 'e8e82db3fd4344c6b5705866a4752227') in 0.014723 seconds 
========================================================================
Received Import Request.
  Time since last request: 0.000299 seconds.
  path: Assets/Imagenes/platformPack_item005.png
  artifactKey: Guid(4e568e44887c74bf39fc1ccb9394c140) Importer(815301076,1909f56bfc062723c751e8b465ee728b)
Start importing Assets/Imagenes/platformPack_item005.png using Guid(4e568e44887c74bf39fc1ccb9394c140) Importer(815301076,1909f56bfc062723c751e8b465ee728b)  -> (artifact id: '643f2a800ef5cd93c2743e68480f68c3') in 0.015945 seconds 
========================================================================
Received Import Request.
  Time since last request: 0.000163 seconds.
  path: Assets/Imagenes/foliagePack_060.png
  artifactKey: Guid(87c4052594dfb43f994e962322fe5077) Importer(815301076,1909f56bfc062723c751e8b465ee728b)
Start importing Assets/Imagenes/foliagePack_060.png using Guid(87c4052594dfb43f994e962322fe5077) Importer(815301076,1909f56bfc062723c751e8b465ee728b)  -> (artifact id: '81298f610e670101a3aa44777fddce5a') in 0.017519 seconds 
========================================================================
Received Import Request.
  Time since last request: 0.000210 seconds.
  path: Assets/Imagenes/foliagePack_001.png
  artifactKey: Guid(5c494aab1ea2846f8ad5fdd989883e96) Importer(815301076,1909f56bfc062723c751e8b465ee728b)
Start importing Assets/Imagenes/foliagePack_001.png using Guid(5c494aab1ea2846f8ad5fdd989883e96) Importer(815301076,1909f56bfc062723c751e8b465ee728b)  -> (artifact id: '6a1a8c33cf72103dbc9f00eceb5e11e7') in 0.014397 seconds 
========================================================================
Received Import Request.
  Time since last request: 0.000280 seconds.
  path: Assets/Imagenes/shipGreen_manned.png
  artifactKey: Guid(2b160a037bf774339b5e43b25f2ccd1c) Importer(815301076,1909f56bfc062723c751e8b465ee728b)
Start importing Assets/Imagenes/shipGreen_manned.png using Guid(2b160a037bf774339b5e43b25f2ccd1c) Importer(815301076,1909f56bfc062723c751e8b465ee728b)  -> (artifact id: '1b261636a6e04b96d4c0ccdd9b7634e8') in 0.016999 seconds 
========================================================================
Received Import Request.
  Time since last request: 0.000171 seconds.
  path: Assets/Imagenes/shipYellow_manned.png
  artifactKey: Guid(1c4eb6d88058146faa2a3217ba1e177b) Importer(815301076,1909f56bfc062723c751e8b465ee728b)
Start importing Assets/Imagenes/shipYellow_manned.png using Guid(1c4eb6d88058146faa2a3217ba1e177b) Importer(815301076,1909f56bfc062723c751e8b465ee728b)  -> (artifact id: 'e8bf389009f6114a6727a69a0bcec8a1') in 0.018123 seconds 
========================================================================
Received Import Request.
  Time since last request: 0.000208 seconds.
  path: Assets/Imagenes/foliagePack_015.png
  artifactKey: Guid(ae5f1e6e67bf54daf904ba3311fb5338) Importer(815301076,1909f56bfc062723c751e8b465ee728b)
Start importing Assets/Imagenes/foliagePack_015.png using Guid(ae5f1e6e67bf54daf904ba3311fb5338) Importer(815301076,1909f56bfc062723c751e8b465ee728b)  -> (artifact id: 'f08a65bcc957ee6efb4bdd4bcdd0e27b') in 0.016527 seconds 
========================================================================
Received Import Request.
  Time since last request: 0.000162 seconds.
  path: Assets/Imagenes/foliagePack_007.png
  artifactKey: Guid(bf96a10e7c9534bccb530d3f0e6cf7bf) Importer(815301076,1909f56bfc062723c751e8b465ee728b)
Start importing Assets/Imagenes/foliagePack_007.png using Guid(bf96a10e7c9534bccb530d3f0e6cf7bf) Importer(815301076,1909f56bfc062723c751e8b465ee728b)  -> (artifact id: '9cfcce20d100b3bbcc162e0d6e7a3353') in 0.017933 seconds 
========================================================================
Received Import Request.
  Time since last request: 0.000306 seconds.
  path: Assets/Imagenes/horse.png
  artifactKey: Guid(eca0a999a413c4e9e807793176a31ca2) Importer(815301076,1909f56bfc062723c751e8b465ee728b)
Start importing Assets/Imagenes/horse.png using Guid(eca0a999a413c4e9e807793176a31ca2) Importer(815301076,1909f56bfc062723c751e8b465ee728b)  -> (artifact id: '65e605907d4b4c1e9392d0be8bef8eba') in 0.015310 seconds 
========================================================================
Received Import Request.
  Time since last request: 0.000298 seconds.
  path: Assets/Imagenes/platformPack_tile023.png
  artifactKey: Guid(070155eb250b34328bdb370badd4bb3b) Importer(815301076,1909f56bfc062723c751e8b465ee728b)
Start importing Assets/Imagenes/platformPack_tile023.png using Guid(070155eb250b34328bdb370badd4bb3b) Importer(815301076,1909f56bfc062723c751e8b465ee728b)  -> (artifact id: '3557024f8d862e04869d366e1529ed72') in 0.013527 seconds 
========================================================================
Received Import Request.
  Time since last request: 0.000173 seconds.
  path: Assets/Imagenes/platformPack_tile024.png
  artifactKey: Guid(706a9b7aad13b4b0ba30d64e8ac3c3dd) Importer(815301076,1909f56bfc062723c751e8b465ee728b)
Start importing Assets/Imagenes/platformPack_tile024.png using Guid(706a9b7aad13b4b0ba30d64e8ac3c3dd) Importer(815301076,1909f56bfc062723c751e8b465ee728b)  -> (artifact id: '4600387747388af49fc8fd5268abce0c') in 0.018661 seconds 
========================================================================
Received Import Request.
  Time since last request: 0.000219 seconds.
  path: Assets/Imagenes/sloth.png
  artifactKey: Guid(3267f85c02127410ea717d865f2b40b5) Importer(815301076,1909f56bfc062723c751e8b465ee728b)
Start importing Assets/Imagenes/sloth.png using Guid(3267f85c02127410ea717d865f2b40b5) Importer(815301076,1909f56bfc062723c751e8b465ee728b)  -> (artifact id: 'b4c83c560fd56023f5acc0689f9620e4') in 0.015953 seconds 
========================================================================
Received Import Request.
  Time since last request: 0.000346 seconds.
  path: Assets/Imagenes/foliagePack_004.png
  artifactKey: Guid(125a5a2a4f42448429b99a9d249ca3d8) Importer(815301076,1909f56bfc062723c751e8b465ee728b)
Start importing Assets/Imagenes/foliagePack_004.png using Guid(125a5a2a4f42448429b99a9d249ca3d8) Importer(815301076,1909f56bfc062723c751e8b465ee728b)  -> (artifact id: '65151f92e7146e6b10f7544e02428a74') in 0.016642 seconds 
========================================================================
Received Import Request.
  Time since last request: 0.000164 seconds.
  path: Assets/Imagenes/cow.png
  artifactKey: Guid(3d446e59f66ea4fe193170cb8b3c8a27) Importer(815301076,1909f56bfc062723c751e8b465ee728b)
Start importing Assets/Imagenes/cow.png using Guid(3d446e59f66ea4fe193170cb8b3c8a27) Importer(815301076,1909f56bfc062723c751e8b465ee728b)  -> (artifact id: 'cd58924c44f9bf2dab9a9a402afa4df2') in 0.016792 seconds 
========================================================================
Received Import Request.
  Time since last request: 0.000187 seconds.
  path: Assets/Imagenes/foliagePack_005.png
  artifactKey: Guid(ea7e53201b8fc45a1843801dfb14e79c) Importer(815301076,1909f56bfc062723c751e8b465ee728b)
Start importing Assets/Imagenes/foliagePack_005.png using Guid(ea7e53201b8fc45a1843801dfb14e79c) Importer(815301076,1909f56bfc062723c751e8b465ee728b)  -> (artifact id: '0cb3ed4bad759b8c363c7f3afc5f3a4b') in 0.015064 seconds 
========================================================================
Received Import Request.
  Time since last request: 0.000288 seconds.
  path: Assets/Imagenes/foliagePack_029.png
  artifactKey: Guid(b7b01dec401cc43b998d190522d37d27) Importer(815301076,1909f56bfc062723c751e8b465ee728b)
Start importing Assets/Imagenes/foliagePack_029.png using Guid(b7b01dec401cc43b998d190522d37d27) Importer(815301076,1909f56bfc062723c751e8b465ee728b)  -> (artifact id: '31ce1f0ffa1b8785e6cae873a2e9e965') in 0.018194 seconds 
========================================================================
Received Import Request.
  Time since last request: 0.000134 seconds.
  path: Assets/Imagenes/suelo.png
  artifactKey: Guid(1d0f70fd2300f422b9c526b27ea4ada6) Importer(815301076,1909f56bfc062723c751e8b465ee728b)
Start importing Assets/Imagenes/suelo.png using Guid(1d0f70fd2300f422b9c526b27ea4ada6) Importer(815301076,1909f56bfc062723c751e8b465ee728b)  -> (artifact id: '0f70f217d1ffc17f06be1c647abc4ef8') in 0.020065 seconds 
========================================================================
Received Import Request.
  Time since last request: 0.000264 seconds.
  path: Assets/Imagenes/foliagePack_006.png
  artifactKey: Guid(08520a59fd767455fbd9940f97a1c97f) Importer(815301076,1909f56bfc062723c751e8b465ee728b)
Start importing Assets/Imagenes/foliagePack_006.png using Guid(08520a59fd767455fbd9940f97a1c97f) Importer(815301076,1909f56bfc062723c751e8b465ee728b)  -> (artifact id: 'ee23a570cfad3bd92088214f3823751f') in 0.017750 seconds 
========================================================================
Received Import Request.
  Time since last request: 0.000179 seconds.
  path: Assets/Imagenes/shipPink_manned.png
  artifactKey: Guid(28fe2b7d310784daeb946ec1149cd0d7) Importer(815301076,1909f56bfc062723c751e8b465ee728b)
Start importing Assets/Imagenes/shipPink_manned.png using Guid(28fe2b7d310784daeb946ec1149cd0d7) Importer(815301076,1909f56bfc062723c751e8b465ee728b)  -> (artifact id: '4fb5fdea945da70432ae14451ab16b5a') in 0.024041 seconds 
========================================================================
Received Import Request.
  Time since last request: 0.000188 seconds.
  path: Assets/Imagenes/foliagePack_020.png
  artifactKey: Guid(490669550c6844c1da189e2bbf6cc2f8) Importer(815301076,1909f56bfc062723c751e8b465ee728b)
Start importing Assets/Imagenes/foliagePack_020.png using Guid(490669550c6844c1da189e2bbf6cc2f8) Importer(815301076,1909f56bfc062723c751e8b465ee728b)  -> (artifact id: 'cf05de2291c810578298f13d45a75061') in 0.022892 seconds 
========================================================================
Received Import Request.
  Time since last request: 0.000263 seconds.
  path: Assets/Imagenes/foliagePack_028.png
  artifactKey: Guid(ce88aede3aef9445bb9aaa0428da37ae) Importer(815301076,1909f56bfc062723c751e8b465ee728b)
Start importing Assets/Imagenes/foliagePack_028.png using Guid(ce88aede3aef9445bb9aaa0428da37ae) Importer(815301076,1909f56bfc062723c751e8b465ee728b)  -> (artifact id: '0ca87d55b39375663344ce0e4e44304d') in 0.018454 seconds 
========================================================================
Received Import Request.
  Time since last request: 0.000393 seconds.
  path: Assets/Imagenes/platformPack_item017.png
  artifactKey: Guid(d7f6ae99b968e4c979fc30284e5ccc57) Importer(815301076,1909f56bfc062723c751e8b465ee728b)
Start importing Assets/Imagenes/platformPack_item017.png using Guid(d7f6ae99b968e4c979fc30284e5ccc57) Importer(815301076,1909f56bfc062723c751e8b465ee728b)  -> (artifact id: '268125a7a023efcbe15b2220200e7a24') in 0.014934 seconds 
========================================================================
Received Import Request.
  Time since last request: 0.000569 seconds.
  path: Assets/Imagenes/foliagePack_019.png
  artifactKey: Guid(e1c6ec93c5f8f482093b7522adb9860a) Importer(815301076,1909f56bfc062723c751e8b465ee728b)
Start importing Assets/Imagenes/foliagePack_019.png using Guid(e1c6ec93c5f8f482093b7522adb9860a) Importer(815301076,1909f56bfc062723c751e8b465ee728b)  -> (artifact id: 'a52c0541902d105596760a5d67ab2ad5') in 0.018225 seconds 
========================================================================
Received Import Request.
  Time since last request: 0.000261 seconds.
  path: Assets/Imagenes
  artifactKey: Guid(73ddbd6d6abfa440cb1cb06ff4792238) Importer(815301076,1909f56bfc062723c751e8b465ee728b)
Start importing Assets/Imagenes using Guid(73ddbd6d6abfa440cb1cb06ff4792238) Importer(815301076,1909f56bfc062723c751e8b465ee728b)  -> (artifact id: '4450f863163d1f27e9ec228580e07ea5') in 0.008111 seconds 
========================================================================
Received Import Request.
  Time since last request: 0.000161 seconds.
  path: Assets/Imagenes/foliagePack_017.png
  artifactKey: Guid(cd2788d377fa94b49a704085790a7afa) Importer(815301076,1909f56bfc062723c751e8b465ee728b)
Start importing Assets/Imagenes/foliagePack_017.png using Guid(cd2788d377fa94b49a704085790a7afa) Importer(815301076,1909f56bfc062723c751e8b465ee728b)  -> (artifact id: 'd9d4f392c8a53bbf973c4d74ceff0551') in 0.021031 seconds 
========================================================================
Received Import Request.
  Time since last request: 0.000284 seconds.
  path: Assets/Imagenes/foliagePack_016.png
  artifactKey: Guid(fd56cefe5cd0d499487ec9940eaa5a60) Importer(815301076,1909f56bfc062723c751e8b465ee728b)
Start importing Assets/Imagenes/foliagePack_016.png using Guid(fd56cefe5cd0d499487ec9940eaa5a60) Importer(815301076,1909f56bfc062723c751e8b465ee728b)  -> (artifact id: 'a365c66bd757a183775846c95d55e993') in 0.020345 seconds 
========================================================================
Received Import Request.
  Time since last request: 0.000325 seconds.
  path: Assets/Imagenes/platformPack_item011.png
  artifactKey: Guid(1d298e9654d8e4e578c40df5c6f0a0c0) Importer(815301076,1909f56bfc062723c751e8b465ee728b)
Start importing Assets/Imagenes/platformPack_item011.png using Guid(1d298e9654d8e4e578c40df5c6f0a0c0) Importer(815301076,1909f56bfc062723c751e8b465ee728b)  -> (artifact id: 'a5f0ed03067a5ef862c791b30dabb603') in 0.026191 seconds 
========================================================================
Received Import Request.
  Time since last request: 0.000416 seconds.
  path: Assets/Imagenes/rabbit.png
  artifactKey: Guid(3823ae7d7f7714d128bff424b2d9ed20) Importer(815301076,1909f56bfc062723c751e8b465ee728b)
Start importing Assets/Imagenes/rabbit.png using Guid(3823ae7d7f7714d128bff424b2d9ed20) Importer(815301076,1909f56bfc062723c751e8b465ee728b)  -> (artifact id: '8f6479903143f6299551aeb474f6e843') in 0.018356 seconds 
========================================================================
Received Import Request.
  Time since last request: 0.000244 seconds.
  path: Assets/Imagenes/foliagePack_057.png
  artifactKey: Guid(7aa9adc76feda46c79a6eaf0d49af0ed) Importer(815301076,1909f56bfc062723c751e8b465ee728b)
Start importing Assets/Imagenes/foliagePack_057.png using Guid(7aa9adc76feda46c79a6eaf0d49af0ed) Importer(815301076,1909f56bfc062723c751e8b465ee728b)  -> (artifact id: '4c2ae629ac594f2743619eca83a9cf01') in 0.026076 seconds 
========================================================================
Received Import Request.
  Time since last request: 0.000250 seconds.
  path: Assets/Imagenes/owl.png
  artifactKey: Guid(906c1c71e3b8442fdb6ab4f33e358bf1) Importer(815301076,1909f56bfc062723c751e8b465ee728b)
Start importing Assets/Imagenes/owl.png using Guid(906c1c71e3b8442fdb6ab4f33e358bf1) Importer(815301076,1909f56bfc062723c751e8b465ee728b)  -> (artifact id: '98026fb62b103ff0172484a21292f56a') in 0.024223 seconds 
========================================================================
Received Import Request.
  Time since last request: 3.306382 seconds.
  path: Assets/prefabs/bullet 2.prefab
  artifactKey: Guid(ee936ef7cfeac42a98d98fe8e2df23c6) Importer(815301076,1909f56bfc062723c751e8b465ee728b)
Start importing Assets/prefabs/bullet 2.prefab using Guid(ee936ef7cfeac42a98d98fe8e2df23c6) Importer(815301076,1909f56bfc062723c751e8b465ee728b)  -> (artifact id: 'a4e4b997b339cb3bd70e5edb4a642008') in 0.060786 seconds 
========================================================================
Received Import Request.
  Time since last request: 0.000254 seconds.
  path: Assets/prefabs/GameManager.prefab
  artifactKey: Guid(776007b32233b427bb65e0254f83837b) Importer(815301076,1909f56bfc062723c751e8b465ee728b)
Start importing Assets/prefabs/GameManager.prefab using Guid(776007b32233b427bb65e0254f83837b) Importer(815301076,1909f56bfc062723c751e8b465ee728b)  -> (artifact id: 'dfd6bd136c6a0ca00e83ba34eb3e9c73') in 0.006396 seconds 
========================================================================
Received Import Request.
  Time since last request: 0.000263 seconds.
  path: Assets/prefabs/owl.prefab
  artifactKey: Guid(f9b4fdd5658e0f64e8589d4b422b285a) Importer(815301076,1909f56bfc062723c751e8b465ee728b)
Start importing Assets/prefabs/owl.prefab using Guid(f9b4fdd5658e0f64e8589d4b422b285a) Importer(815301076,1909f56bfc062723c751e8b465ee728b)  -> (artifact id: '1bd4bb09763bdbbd08400b985e885cfd') in 0.014476 seconds 
========================================================================
Received Import Request.
  Time since last request: 0.000252 seconds.
  path: Assets/prefabs/wolf.prefab
  artifactKey: Guid(62903fc9002df49eba5e2099a4739639) Importer(815301076,1909f56bfc062723c751e8b465ee728b)
Start importing Assets/prefabs/wolf.prefab using Guid(62903fc9002df49eba5e2099a4739639) Importer(815301076,1909f56bfc062723c751e8b465ee728b)  -> (artifact id: '6dde6f56df2c39c424e1fad06d9d31d1') in 0.015055 seconds 
========================================================================
Received Import Request.
  Time since last request: 0.000312 seconds.
  path: Assets/prefabs/chicken.prefab
  artifactKey: Guid(5de0e8e1fb30c4cb9a3e33d88ec6f1f7) Importer(815301076,1909f56bfc062723c751e8b465ee728b)
Start importing Assets/prefabs/chicken.prefab using Guid(5de0e8e1fb30c4cb9a3e33d88ec6f1f7) Importer(815301076,1909f56bfc062723c751e8b465ee728b)  -> (artifact id: '90a59e9ad57c30d22a0cd80a3b1a05f6') in 0.011523 seconds 
========================================================================
Received Import Request.
  Time since last request: 0.000303 seconds.
  path: Assets/prefabs/sloth.prefab
  artifactKey: Guid(88dddf9661ea46f42ad2d70639147511) Importer(815301076,1909f56bfc062723c751e8b465ee728b)
Start importing Assets/prefabs/sloth.prefab using Guid(88dddf9661ea46f42ad2d70639147511) Importer(815301076,1909f56bfc062723c751e8b465ee728b)  -> (artifact id: 'f2f5a48602923dbb0913a4fd4da37d5c') in 0.016321 seconds 
========================================================================
Received Import Request.
  Time since last request: 0.000397 seconds.
  path: Assets/prefabs/bullet.prefab
  artifactKey: Guid(e2cef46308f9b44ccaf3d9e14f97782e) Importer(815301076,1909f56bfc062723c751e8b465ee728b)
Start importing Assets/prefabs/bullet.prefab using Guid(e2cef46308f9b44ccaf3d9e14f97782e) Importer(815301076,1909f56bfc062723c751e8b465ee728b)  -> (artifact id: 'eaf546389d5d9f611b8be6fc6f078480') in 0.011059 seconds 
========================================================================
Received Import Request.
  Time since last request: 0.000272 seconds.
  path: Assets/prefabs/cow.prefab
  artifactKey: Guid(db8d1e340995049d0984840af55368df) Importer(815301076,1909f56bfc062723c751e8b465ee728b)
Start importing Assets/prefabs/cow.prefab using Guid(db8d1e340995049d0984840af55368df) Importer(815301076,1909f56bfc062723c751e8b465ee728b)  -> (artifact id: '5961631f01afca76b9532811f3845503') in 0.017515 seconds 
========================================================================
Received Import Request.
  Time since last request: 3.572517 seconds.
  path: Assets/Scenes/level1.unity
  artifactKey: Guid(7a374d4796a5c174f9eb3864baa258f3) Importer(815301076,1909f56bfc062723c751e8b465ee728b)
Start importing Assets/Scenes/level1.unity using Guid(7a374d4796a5c174f9eb3864baa258f3) Importer(815301076,1909f56bfc062723c751e8b465ee728b)  -> (artifact id: '02c924a83b9868a4174d31af67a4e231') in 0.006814 seconds 
========================================================================
Received Import Request.
  Time since last request: 66.966038 seconds.
  path: Assets/Scenes/menu.unity
  artifactKey: Guid(1cf0186f59bc24b6ca0e3493d04ef3a5) Importer(815301076,1909f56bfc062723c751e8b465ee728b)
Start importing Assets/Scenes/menu.unity using Guid(1cf0186f59bc24b6ca0e3493d04ef3a5) Importer(815301076,1909f56bfc062723c751e8b465ee728b)  -> (artifact id: '44868f0d12b110cba91bd22accdaa41c') in 0.009138 seconds 
========================================================================
Received Import Request.
  Time since last request: 27.029793 seconds.
  path: Assets/Scenes/level2.unity
  artifactKey: Guid(f3f2c819784207d47b6528ca67913774) Importer(815301076,1909f56bfc062723c751e8b465ee728b)
Start importing Assets/Scenes/level2.unity using Guid(f3f2c819784207d47b6528ca67913774) Importer(815301076,1909f56bfc062723c751e8b465ee728b)  -> (artifact id: '54af8a65cbb03f9ae5412029bc2ade95') in 0.009683 seconds 
========================================================================
Received Import Request.
  Time since last request: 51.329169 seconds.
  path: Assets/Scenes/SampleScene.unity
  artifactKey: Guid(9fc0d4010bbf28b4594072e72b8655ab) Importer(815301076,1909f56bfc062723c751e8b465ee728b)
Start importing Assets/Scenes/SampleScene.unity using Guid(9fc0d4010bbf28b4594072e72b8655ab) Importer(815301076,1909f56bfc062723c751e8b465ee728b)  -> (artifact id: '85059f4f9e1a832ed95adaa0d25c5c4c') in 0.007303 seconds 
========================================================================
Received Import Request.
  Time since last request: 6.577125 seconds.
  path: Assets/Scenes/level3.unity
  artifactKey: Guid(78ab1cf95c4c49a439b09b0fb74bdbb4) Importer(815301076,1909f56bfc062723c751e8b465ee728b)
Start importing Assets/Scenes/level3.unity using Guid(78ab1cf95c4c49a439b09b0fb74bdbb4) Importer(815301076,1909f56bfc062723c751e8b465ee728b)  -> (artifact id: 'd04c60a494cda6d978bbcc3bd9d43781') in 0.008774 seconds 
========================================================================
Received Prepare
Registering precompiled user dll's ...
Registered in 0.005438 seconds.
Begin MonoManager ReloadAssembly
Symbol file LoadedFromMemory doesn't match image C:\Users\Usuario\Desktop\parcialalien1corte\Library\PackageCache\com.unity.visualscripting@1.6.1\Editor\VisualScripting.Core\Dependencies\YamlDotNet\Unity.VisualScripting.YamlDotNet.dll
Symbol file LoadedFromMemory doesn't match image C:\Users\Usuario\Desktop\parcialalien1corte\Library\PackageCache\com.unity.visualscripting@1.6.1\Editor\VisualScripting.Core\Dependencies\DotNetZip\Unity.VisualScripting.IonicZip.dll
Native extension for WindowsStandalone target not found
Native extension for WebGL target not found
Refreshing native plugins compatible for Editor in 0.67 ms, found 3 plugins.
Preloading 0 native plugins for Editor in 0.00 ms.
Mono: successfully reloaded assembly
- Completed reload, in  1.082 seconds
Domain Reload Profiling:
	ReloadAssembly (1082ms)
		BeginReloadAssembly (113ms)
			ExecutionOrderSort (0ms)
			DisableScriptedObjects (4ms)
			BackupInstance (0ms)
			ReleaseScriptingObjects (0ms)
			CreateAndSetChildDomain (43ms)
		EndReloadAssembly (910ms)
			LoadAssemblies (83ms)
			RebuildTransferFunctionScriptingTraits (0ms)
			SetupTypeCache (343ms)
			ReleaseScriptCaches (1ms)
			RebuildScriptCaches (51ms)
			SetupLoadedEditorAssemblies (287ms)
				LogAssemblyErrors (0ms)
				InitializePlatformSupportModulesInManaged (6ms)
				SetLoadedEditorAssemblies (0ms)
				RefreshPlugins (1ms)
				BeforeProcessingInitializeOnLoad (52ms)
				ProcessInitializeOnLoadAttributes (217ms)
				ProcessInitializeOnLoadMethodAttributes (4ms)
				AfterProcessingInitializeOnLoad (6ms)
				EditorAssembliesLoaded (0ms)
			ExecutionOrderSort2 (0ms)
			AwakeInstancesAfterBackupRestoration (20ms)
Platform modules already initialized, skipping
Refreshing native plugins compatible for Editor in 0.56 ms, found 3 plugins.
Preloading 0 native plugins for Editor in 0.00 ms.
Unloading 2978 Unused Serialized files (Serialized files now loaded: 0)
System memory in use before: 130.6 MB.
System memory in use after: 130.8 MB.

Unloading 18 unused Assets to reduce memory usage. Loaded Objects now: 4008.
Total: 2.630000 ms (FindLiveObjects: 0.279900 ms CreateObjectMapping: 0.134900 ms MarkObjects: 2.167100 ms  DeleteObjects: 0.047200 ms)

AssetImportParameters requested are different than current active one (requested -> active):
  custom:framework-win-MediaFoundation: 216162199b28c13a410421893ffa2e32 -> 
  custom:video-decoder-ogg-theora: a1e56fd34408186e4bbccfd4996cb3dc -> 
  custom:container-muxer-webm: aa71ff27fc2769a1b78a27578f13a17b -> 
  custom:container-demuxer-webm: 4f35f7cbe854078d1ac9338744f61a02 -> 
  custom:container-demuxer-ogg: 62fdf1f143b41e24485cea50d1cbac27 -> 
  custom:video-encoder-webm-vp8: eb34c28f22e8b96e1ab97ce403110664 -> 
  custom:video-decoder-webm-vp8: 9c59270c3fd7afecdb556c50c9e8de78 -> 
  custom:audio-decoder-ogg-vorbis: bf7c407c2cedff20999df2af8eb42d56 -> 
  custom:audio-encoder-webm-vorbis: bf7c407c2cedff20999df2af8eb42d56 -> 
========================================================================
Received Prepare
Registering precompiled user dll's ...
Registered in 0.005243 seconds.
Begin MonoManager ReloadAssembly
Symbol file LoadedFromMemory doesn't match image C:\Users\Usuario\Desktop\parcialalien1corte\Library\PackageCache\com.unity.visualscripting@1.6.1\Editor\VisualScripting.Core\Dependencies\YamlDotNet\Unity.VisualScripting.YamlDotNet.dll
Symbol file LoadedFromMemory doesn't match image C:\Users\Usuario\Desktop\parcialalien1corte\Library\PackageCache\com.unity.visualscripting@1.6.1\Editor\VisualScripting.Core\Dependencies\DotNetZip\Unity.VisualScripting.IonicZip.dll
Native extension for WindowsStandalone target not found
Native extension for WebGL target not found
Refreshing native plugins compatible for Editor in 0.58 ms, found 3 plugins.
Preloading 0 native plugins for Editor in 0.00 ms.
Mono: successfully reloaded assembly
- Completed reload, in  1.004 seconds
Domain Reload Profiling:
	ReloadAssembly (1005ms)
		BeginReloadAssembly (104ms)
			ExecutionOrderSort (0ms)
			DisableScriptedObjects (8ms)
			BackupInstance (0ms)
			ReleaseScriptingObjects (0ms)
			CreateAndSetChildDomain (34ms)
		EndReloadAssembly (842ms)
			LoadAssemblies (82ms)
			RebuildTransferFunctionScriptingTraits (0ms)
			SetupTypeCache (324ms)
			ReleaseScriptCaches (1ms)
			RebuildScriptCaches (39ms)
			SetupLoadedEditorAssemblies (283ms)
				LogAssemblyErrors (0ms)
				InitializePlatformSupportModulesInManaged (6ms)
				SetLoadedEditorAssemblies (0ms)
				RefreshPlugins (1ms)
				BeforeProcessingInitializeOnLoad (50ms)
				ProcessInitializeOnLoadAttributes (216ms)
				ProcessInitializeOnLoadMethodAttributes (4ms)
				AfterProcessingInitializeOnLoad (6ms)
				EditorAssembliesLoaded (0ms)
			ExecutionOrderSort2 (0ms)
			AwakeInstancesAfterBackupRestoration (17ms)
Platform modules already initialized, skipping
Refreshing native plugins compatible for Editor in 0.57 ms, found 3 plugins.
Preloading 0 native plugins for Editor in 0.00 ms.
Unloading 2942 Unused Serialized files (Serialized files now loaded: 0)
System memory in use before: 129.2 MB.
System memory in use after: 129.4 MB.

Unloading 18 unused Assets to reduce memory usage. Loaded Objects now: 4011.
Total: 2.617200 ms (FindLiveObjects: 0.275000 ms CreateObjectMapping: 0.138100 ms MarkObjects: 2.153400 ms  DeleteObjects: 0.049900 ms)

AssetImportParameters requested are different than current active one (requested -> active):
  custom:framework-win-MediaFoundation: 216162199b28c13a410421893ffa2e32 -> 
  custom:video-decoder-ogg-theora: a1e56fd34408186e4bbccfd4996cb3dc -> 
  custom:container-muxer-webm: aa71ff27fc2769a1b78a27578f13a17b -> 
  custom:container-demuxer-webm: 4f35f7cbe854078d1ac9338744f61a02 -> 
  custom:container-demuxer-ogg: 62fdf1f143b41e24485cea50d1cbac27 -> 
  custom:video-encoder-webm-vp8: eb34c28f22e8b96e1ab97ce403110664 -> 
  custom:video-decoder-webm-vp8: 9c59270c3fd7afecdb556c50c9e8de78 -> 
  custom:audio-decoder-ogg-vorbis: bf7c407c2cedff20999df2af8eb42d56 -> 
  custom:audio-encoder-webm-vorbis: bf7c407c2cedff20999df2af8eb42d56 -> 
